=== RECOVERY Sat 07/04/2026 14:09:21.95 === 
[1/3] Rebuilding UI (takes ~40s)... 
[36mvite v6.4.1 [32mbuilding for production...[36m[39m
transforming...
[33m[plugin vite:esbuild] src/fixtures/issueChatLongThreadFixture.ts: [33mDuplicate key "authorName" in object literal[33m
106|      presentation: null,
107|      metadata: null,
108|      authorName: null,
   |      ^
109|      resolvedAuthorName: null,
110|      createdAt: atMinute(index),
[39m
[32m✓[39m 6073 modules transformed.
rendering chunks...
[33m[plugin vite:reporter] 
(!) C:/Users/Augi-T1/paperclip/ui/src/components/MarkdownEditor.tsx is dynamically imported by C:/Users/Augi-T1/paperclip/ui/src/plugins/bridge-init.ts but also statically imported by C:/Users/Augi-T1/paperclip/ui/src/components/AgentConfigForm.tsx, C:/Users/Augi-T1/paperclip/ui/src/components/InlineEditor.tsx, C:/Users/Augi-T1/paperclip/ui/src/components/IssueChatThread.tsx, C:/Users/Augi-T1/paperclip/ui/src/components/IssueDocumentsSection.tsx, C:/Users/Augi-T1/paperclip/ui/src/components/NewGoalDialog.tsx, C:/Users/Augi-T1/paperclip/ui/src/components/NewIssueDialog.tsx, C:/Users/Augi-T1/paperclip/ui/src/components/NewProjectDialog.tsx, C:/Users/Augi-T1/paperclip/ui/src/pages/AgentDetail.tsx, C:/Users/Augi-T1/paperclip/ui/src/pages/CompanySkills.tsx, C:/Users/Augi-T1/paperclip/ui/src/pages/RoutineDetail.tsx, C:/Users/Augi-T1/paperclip/ui/src/pages/Routines.tsx, dynamic import will not move module into another chunk.
[39m
computing gzip size...
[2mdist/[22m[32mindex.html                                       [39m[1m[2m    2.32 kB[22m[1m[22m[2m │ gzip:     0.89 kB[22m
[2mdist/[22m[35massets/index-Cxgfz-Ff.css                        [39m[1m[2m  386.27 kB[22m[1m[22m[2m │ gzip:    56.15 kB[22m
[2mdist/[22m[36massets/clone-_U6er_dY.js                         [39m[1m[2m    0.10 kB[22m[1m[22m[2m │ gzip:     0.11 kB[22m
[2mdist/[22m[36massets/channel-E_XfaZN-.js                       [39m[1m[2m    0.11 kB[22m[1m[22m[2m │ gzip:     0.13 kB[22m
[2mdist/[22m[36massets/chunk-QZHKN3VN-bHhxuCpZ.js                [39m[1m[2m    0.19 kB[22m[1m[22m[2m │ gzip:     0.16 kB[22m
[2mdist/[22m[36massets/chunk-55IACEB6-B0zk3m62.js                [39m[1m[2m    0.27 kB[22m[1m[22m[2m │ gzip:     0.23 kB[22m
[2mdist/[22m[36massets/chunk-4BX2VUAB-B-UgmEZx.js                [39m[1m[2m    0.30 kB[22m[1m[22m[2m │ gzip:     0.21 kB[22m
[2mdist/[22m[36massets/diff-DbItnlRl.js                          [39m[1m[2m    0.31 kB[22m[1m[22m[2m │ gzip:     0.24 kB[22m
[2mdist/[22m[36massets/chunk-FMBD7UC4-BE3bQGps.js                [39m[1m[2m    0.37 kB[22m[1m[22m[2m │ gzip:     0.27 kB[22m
[2mdist/[22m[36massets/stateDiagram-v2-4FDKWEC3-DjlFQ1Zp.js      [39m[1m[2m    0.39 kB[22m[1m[22m[2m │ gzip:     0.29 kB[22m
[2mdist/[22m[36massets/classDiagram-2ON5EDUG-DybU-BvM.js         [39m[1m[2m    0.43 kB[22m[1m[22m[2m │ gzip:     0.30 kB[22m
[2mdist/[22m[36massets/classDiagram-v2-WZHVMYZB-DybU-BvM.js      [39m[1m[2m    0.43 kB[22m[1m[22m[2m │ gzip:     0.30 kB[22m
[2mdist/[22m[36massets/chunk-QN33PNHL-CWf3JNcB.js                [39m[1m[2m    0.53 kB[22m[1m[22m[2m │ gzip:     0.38 kB[22m
[2mdist/[22m[36massets/brainfuck-C4LP7Hcl.js                     [39m[1m[2m    0.61 kB[22m[1m[22m[2m │ gzip:     0.33 kB[22m
[2mdist/[22m[36massets/properties-C78fOPTZ.js                    [39m[1m[2m    0.67 kB[22m[1m[22m[2m │ gzip:     0.35 kB[22m
[2mdist/[22m[36massets/infoDiagram-HS3SLOUP-CxOCE9GI.js          [39m[1m[2m    0.69 kB[22m[1m[22m[2m │ gzip:     0.46 kB[22m
[2mdist/[22m[36massets/cmake-BQqOBYOt.js                         [39m[1m[2m    0.78 kB[22m[1m[22m[2m │ gzip:     0.46 kB[22m
[2mdist/[22m[36massets/asciiarmor-Df11BRmG.js                    [39m[1m[2m    0.79 kB[22m[1m[22m[2m │ gzip:     0.41 kB[22m
[2mdist/[22m[36massets/http-DBlCnlav.js                          [39m[1m[2m    0.85 kB[22m[1m[22m[2m │ gzip:     0.41 kB[22m
[2mdist/[22m[36massets/protobuf-ChK-085T.js                      [39m[1m[2m    0.86 kB[22m[1m[22m[2m │ gzip:     0.52 kB[22m
[2mdist/[22m[36massets/solr-DehyRSwq.js                          [39m[1m[2m    0.87 kB[22m[1m[22m[2m │ gzip:     0.46 kB[22m
[2mdist/[22m[36massets/troff-wAsdV37c.js                         [39m[1m[2m    0.96 kB[22m[1m[22m[2m │ gzip:     0.44 kB[22m
[2mdist/[22m[36massets/spreadsheet-BCZA_wO0.js                   [39m[1m[2m    1.14 kB[22m[1m[22m[2m │ gzip:     0.54 kB[22m
[2mdist/[22m[36massets/toml-Bm5Em-hy.js                          [39m[1m[2m    1.14 kB[22m[1m[22m[2m │ gzip:     0.54 kB[22m
[2mdist/[22m[36massets/mbox-CNhZ1qSd.js                          [39m[1m[2m    1.40 kB[22m[1m[22m[2m │ gzip:     0.66 kB[22m
[2mdist/[22m[36massets/chunk-TZMSLE5B-CDnjkuvS.js                [39m[1m[2m    1.44 kB[22m[1m[22m[2m │ gzip:     0.64 kB[22m
[2mdist/[22m[36massets/sieve-C3Gn_uJK.js                         [39m[1m[2m    1.62 kB[22m[1m[22m[2m │ gzip:     0.77 kB[22m
[2mdist/[22m[36massets/rpm-CTu-6PCP.js                           [39m[1m[2m    1.62 kB[22m[1m[22m[2m │ gzip:     0.83 kB[22m
[2mdist/[22m[36massets/factor-kuTfRLto.js                        [39m[1m[2m    1.67 kB[22m[1m[22m[2m │ gzip:     0.61 kB[22m
[2mdist/[22m[36massets/z80-Hz9HOZM7.js                           [39m[1m[2m    1.75 kB[22m[1m[22m[2m │ gzip:     0.81 kB[22m
[2mdist/[22m[36massets/eiffel-CnydiIhH.js                        [39m[1m[2m    1.81 kB[22m[1m[22m[2m │ gzip:     0.92 kB[22m
[2mdist/[22m[36massets/elm-vLlmbW-K.js                           [39m[1m[2m    1.89 kB[22m[1m[22m[2m │ gzip:     0.82 kB[22m
[2mdist/[22m[36massets/mathematica-DTrFuWx2.js                   [39m[1m[2m    1.92 kB[22m[1m[22m[2m │ gzip:     0.82 kB[22m
[2mdist/[22m[36massets/dockerfile-BKs6k2Af.js                    [39m[1m[2m    1.95 kB[22m[1m[22m[2m │ gzip:     0.67 kB[22m
[2mdist/[22m[36massets/turtle-B1tBg_DP.js                        [39m[1m[2m    1.98 kB[22m[1m[22m[2m │ gzip:     0.90 kB[22m
[2mdist/[22m[36massets/ebnf-CDyGwa7X.js                          [39m[1m[2m    1.99 kB[22m[1m[22m[2m │ gzip:     0.81 kB[22m
[2mdist/[22m[36massets/smalltalk-CnHTOXQT.js                     [39m[1m[2m    2.01 kB[22m[1m[22m[2m │ gzip:     0.85 kB[22m
[2mdist/[22m[36massets/dtd-DF_7sFjM.js                           [39m[1m[2m    2.06 kB[22m[1m[22m[2m │ gzip:     0.87 kB[22m
[2mdist/[22m[36massets/mumps-BT43cFF4.js                         [39m[1m[2m    2.07 kB[22m[1m[22m[2m │ gzip:     0.98 kB[22m
[2mdist/[22m[36massets/fcl-Kvtd6kyn.js                           [39m[1m[2m    2.08 kB[22m[1m[22m[2m │ gzip:     0.95 kB[22m
[2mdist/[22m[36massets/ntriples-BfvgReVJ.js                      [39m[1m[2m    2.10 kB[22m[1m[22m[2m │ gzip:     0.75 kB[22m
[2mdist/[22m[36massets/_basePickBy-Bp3U5l5f.js                   [39m[1m[2m    2.13 kB[22m[1m[22m[2m │ gzip:     1.07 kB[22m
[2mdist/[22m[36massets/yacas-BJ4BC0dw.js                         [39m[1m[2m    2.15 kB[22m[1m[22m[2m │ gzip:     1.09 kB[22m
[2mdist/[22m[36massets/simple-mode-GW_nhZxv.js                   [39m[1m[2m    2.28 kB[22m[1m[22m[2m │ gzip:     1.09 kB[22m
[2mdist/[22m[36massets/apl-B4CMkyY2.js                           [39m[1m[2m    2.30 kB[22m[1m[22m[2m │ gzip:     1.23 kB[22m
[2mdist/[22m[36massets/pascal--L3eBynH.js                        [39m[1m[2m    2.30 kB[22m[1m[22m[2m │ gzip:     1.19 kB[22m
[2mdist/[22m[36massets/octave-Ck1zUtKM.js                        [39m[1m[2m    2.31 kB[22m[1m[22m[2m │ gzip:     1.09 kB[22m
[2mdist/[22m[36massets/commonlisp-DBKNyK5s.js                    [39m[1m[2m    2.32 kB[22m[1m[22m[2m │ gzip:     1.10 kB[22m
[2mdist/[22m[36massets/tcl-DVfN8rqt.js                           [39m[1m[2m    2.36 kB[22m[1m[22m[2m │ gzip:     1.23 kB[22m
[2mdist/[22m[36massets/index-DDWHHC7g.js                         [39m[1m[2m    2.42 kB[22m[1m[22m[2m │ gzip:     1.50 kB[22m
[2mdist/[22m[36massets/webidl-ZXfAyPTL.js                        [39m[1m[2m    2.52 kB[22m[1m[22m[2m │ gzip:     1.26 kB[22m
[2mdist/[22m[36massets/pig-CevX1Tat.js                           [39m[1m[2m    2.53 kB[22m[1m[22m[2m │ gzip:     1.38 kB[22m
[2mdist/[22m[36massets/puppet-DMA9R1ak.js                        [39m[1m[2m    2.54 kB[22m[1m[22m[2m │ gzip:     1.20 kB[22m
[2mdist/[22m[36massets/forth-Ffai-XNe.js                         [39m[1m[2m    2.54 kB[22m[1m[22m[2m │ gzip:     1.33 kB[22m
[2mdist/[22m[36massets/shell-CjFT_Tl9.js                         [39m[1m[2m    2.57 kB[22m[1m[22m[2m │ gzip:     1.21 kB[22m
[2mdist/[22m[36massets/index-DlIR6xWD.js                         [39m[1m[2m    2.63 kB[22m[1m[22m[2m │ gzip:     1.50 kB[22m
[2mdist/[22m[36massets/velocity-D8B20fx6.js                      [39m[1m[2m    2.67 kB[22m[1m[22m[2m │ gzip:     1.11 kB[22m
[2mdist/[22m[36massets/tiddlywiki-DO-Gjzrf.js                    [39m[1m[2m    2.78 kB[22m[1m[22m[2m │ gzip:     1.07 kB[22m
[2mdist/[22m[36massets/modelica-Dc1JOy9r.js                      [39m[1m[2m    2.79 kB[22m[1m[22m[2m │ gzip:     1.29 kB[22m
[2mdist/[22m[36massets/oz-BzwKVEFT.js                            [39m[1m[2m    2.90 kB[22m[1m[22m[2m │ gzip:     1.28 kB[22m
[2mdist/[22m[36massets/r-B6wPVr8A.js                             [39m[1m[2m    2.94 kB[22m[1m[22m[2m │ gzip:     1.36 kB[22m
[2mdist/[22m[36massets/stex-C3f8Ysf7.js                          [39m[1m[2m    3.12 kB[22m[1m[22m[2m │ gzip:     1.20 kB[22m
[2mdist/[22m[36massets/tiki-DGYXhP31.js                          [39m[1m[2m    3.25 kB[22m[1m[22m[2m │ gzip:     1.26 kB[22m
[2mdist/[22m[36massets/vhdl-lSbBsy5d.js                          [39m[1m[2m    3.35 kB[22m[1m[22m[2m │ gzip:     1.51 kB[22m
[2mdist/[22m[36massets/lua-BgMRiT3U.js                           [39m[1m[2m    3.40 kB[22m[1m[22m[2m │ gzip:     1.44 kB[22m
[2mdist/[22m[36massets/index-7nHynSlw.js                         [39m[1m[2m    3.40 kB[22m[1m[22m[2m │ gzip:     1.72 kB[22m
[2mdist/[22m[36massets/arc-BHEa6eKu.js                           [39m[1m[2m    3.41 kB[22m[1m[22m[2m │ gzip:     1.46 kB[22m
[2mdist/[22m[36massets/mscgen-BA5vi2Kp.js                        [39m[1m[2m    3.51 kB[22m[1m[22m[2m │ gzip:     0.98 kB[22m
[2mdist/[22m[36massets/sparql-DkYu6x3z.js                        [39m[1m[2m    3.55 kB[22m[1m[22m[2m │ gzip:     1.63 kB[22m
[2mdist/[22m[36massets/cypher-C_CwsFkJ.js                        [39m[1m[2m    3.56 kB[22m[1m[22m[2m │ gzip:     1.52 kB[22m
[2mdist/[22m[36massets/d-pRatUO7H.js                             [39m[1m[2m    3.72 kB[22m[1m[22m[2m │ gzip:     1.68 kB[22m
[2mdist/[22m[36massets/coffeescript-S37ZYGWr.js                  [39m[1m[2m    3.87 kB[22m[1m[22m[2m │ gzip:     1.69 kB[22m
[2mdist/[22m[36massets/vb-CmGdzxic.js                            [39m[1m[2m    3.90 kB[22m[1m[22m[2m │ gzip:     1.79 kB[22m
[2mdist/[22m[36massets/swift-BzpIVaGY.js                         [39m[1m[2m    3.96 kB[22m[1m[22m[2m │ gzip:     1.79 kB[22m
[2mdist/[22m[36massets/asn1-EdZsLKOL.js                          [39m[1m[2m    3.98 kB[22m[1m[22m[2m │ gzip:     1.96 kB[22m
[2mdist/[22m[36massets/q-pXgVlZs6.js                             [39m[1m[2m    4.03 kB[22m[1m[22m[2m │ gzip:     1.67 kB[22m
[2mdist/[22m[36massets/ttcn-cfg-B9xdYoR4.js                      [39m[1m[2m    4.05 kB[22m[1m[22m[2m │ gzip:     1.71 kB[22m
[2mdist/[22m[36massets/dylan-DwRh75JA.js                         [39m[1m[2m    4.05 kB[22m[1m[22m[2m │ gzip:     1.65 kB[22m
[2mdist/[22m[36massets/livescript-BwQOo05w.js                    [39m[1m[2m    4.09 kB[22m[1m[22m[2m │ gzip:     1.64 kB[22m
[2mdist/[22m[36massets/groovy-D9Dt4D0W.js                        [39m[1m[2m    4.14 kB[22m[1m[22m[2m │ gzip:     1.77 kB[22m
[2mdist/[22m[36massets/haskell-Cw1EW3IL.js                       [39m[1m[2m    4.17 kB[22m[1m[22m[2m │ gzip:     1.89 kB[22m
[2mdist/[22m[36massets/diagram-S2PKOQOG-BZeJs0V6.js              [39m[1m[2m    4.34 kB[22m[1m[22m[2m │ gzip:     1.91 kB[22m
[2mdist/[22m[36massets/asterisk-B-8jnY81.js                      [39m[1m[2m    4.48 kB[22m[1m[22m[2m │ gzip:     1.78 kB[22m
[2mdist/[22m[36massets/gas-Bneqetm1.js                           [39m[1m[2m    4.57 kB[22m[1m[22m[2m │ gzip:     1.28 kB[22m
[2mdist/[22m[36massets/fortran-DYz_wnZ1.js                       [39m[1m[2m    4.65 kB[22m[1m[22m[2m │ gzip:     2.01 kB[22m
[2mdist/[22m[36massets/mllike-CXdrOF99.js                        [39m[1m[2m    4.79 kB[22m[1m[22m[2m │ gzip:     1.53 kB[22m
[2mdist/[22m[36massets/ttcn-CfJYG6tj.js                          [39m[1m[2m    4.80 kB[22m[1m[22m[2m │ gzip:     2.13 kB[22m
[2mdist/[22m[36massets/index-TXMjKMj0.js                         [39m[1m[2m    5.07 kB[22m[1m[22m[2m │ gzip:     2.41 kB[22m
[2mdist/[22m[36massets/ecl-Cabwm37j.js                           [39m[1m[2m    5.13 kB[22m[1m[22m[2m │ gzip:     2.31 kB[22m
[2mdist/[22m[36massets/crystal-SjHAIU92.js                       [39m[1m[2m    5.13 kB[22m[1m[22m[2m │ gzip:     2.07 kB[22m
[2mdist/[22m[36massets/ruby-B2Rjki9n.js                          [39m[1m[2m    5.16 kB[22m[1m[22m[2m │ gzip:     2.15 kB[22m
[2mdist/[22m[36massets/pieDiagram-ADFJNKIX-Tx1Td8ao.js           [39m[1m[2m    5.21 kB[22m[1m[22m[2m │ gzip:     2.31 kB[22m
[2mdist/[22m[36massets/julia-DuME0IfC.js                         [39m[1m[2m    5.39 kB[22m[1m[22m[2m │ gzip:     2.14 kB[22m
[2mdist/[22m[36massets/vbscript-BuJXcnF6.js                      [39m[1m[2m    5.82 kB[22m[1m[22m[2m │ gzip:     2.57 kB[22m
[2mdist/[22m[36massets/mirc-CjQqDB4T.js                          [39m[1m[2m    5.92 kB[22m[1m[22m[2m │ gzip:     2.68 kB[22m
[2mdist/[22m[36massets/graph-TPuDUSJU.js                         [39m[1m[2m    5.92 kB[22m[1m[22m[2m │ gzip:     1.87 kB[22m
[2mdist/[22m[36massets/diagram-QEK2KX5R-Bun1lugR.js              [39m[1m[2m    6.06 kB[22m[1m[22m[2m │ gzip:     2.55 kB[22m
[2mdist/[22m[36massets/cobol-CWcv1MsR.js                         [39m[1m[2m    6.20 kB[22m[1m[22m[2m │ gzip:     2.96 kB[22m
[2mdist/[22m[36massets/scheme-C41bIUwD.js                        [39m[1m[2m    6.37 kB[22m[1m[22m[2m │ gzip:     2.39 kB[22m
[2mdist/[22m[36massets/python-BuPzkPfP.js                        [39m[1m[2m    6.48 kB[22m[1m[22m[2m │ gzip:     2.73 kB[22m
[2mdist/[22m[36massets/xquery-DzFWVndE.js                        [39m[1m[2m    6.62 kB[22m[1m[22m[2m │ gzip:     2.56 kB[22m
[2mdist/[22m[36massets/pug-DeIclll2.js                           [39m[1m[2m    6.67 kB[22m[1m[22m[2m │ gzip:     1.94 kB[22m
[2mdist/[22m[36massets/textile-CnDTJFAw.js                       [39m[1m[2m    6.80 kB[22m[1m[22m[2m │ gzip:     2.44 kB[22m
[2mdist/[22m[36massets/nsis-LdVXkNf5.js                          [39m[1m[2m    6.81 kB[22m[1m[22m[2m │ gzip:     2.99 kB[22m
[2mdist/[22m[36massets/nginx-DdIZxoE0.js                         [39m[1m[2m    7.34 kB[22m[1m[22m[2m │ gzip:     2.72 kB[22m
[2mdist/[22m[36massets/powershell-CFHJl5sT.js                    [39m[1m[2m    7.77 kB[22m[1m[22m[2m │ gzip:     3.33 kB[22m
[2mdist/[22m[36massets/haxe-H-WmDvRZ.js                          [39m[1m[2m    7.89 kB[22m[1m[22m[2m │ gzip:     2.95 kB[22m
[2mdist/[22m[36massets/erlang-BNw1qcRV.js                        [39m[1m[2m    8.10 kB[22m[1m[22m[2m │ gzip:     2.89 kB[22m
[2mdist/[22m[36massets/verilog-C6RDOZhf.js                       [39m[1m[2m    8.24 kB[22m[1m[22m[2m │ gzip:     3.52 kB[22m
[2mdist/[22m[36massets/sas-B4kiWyti.js                           [39m[1m[2m    9.33 kB[22m[1m[22m[2m │ gzip:     4.11 kB[22m
[2mdist/[22m[36massets/perl-CdXCOZ3F.js                          [39m[1m[2m    9.75 kB[22m[1m[22m[2m │ gzip:     3.46 kB[22m
[2mdist/[22m[36massets/gherkin-heZmZLOM.js                       [39m[1m[2m   10.16 kB[22m[1m[22m[2m │ gzip:     5.09 kB[22m
[2mdist/[22m[36massets/stateDiagram-FKZM4ZOC-Dj6YYMa2.js         [39m[1m[2m   10.39 kB[22m[1m[22m[2m │ gzip:     3.65 kB[22m
[2mdist/[22m[36massets/clojure-BMjYHr_A.js                       [39m[1m[2m   10.82 kB[22m[1m[22m[2m │ gzip:     3.99 kB[22m
[2mdist/[22m[36massets/dagre-6UL2VRFP-Cx154kvP.js                [39m[1m[2m   11.27 kB[22m[1m[22m[2m │ gzip:     4.21 kB[22m
[2mdist/[22m[36massets/idl-BEugSyMb.js                           [39m[1m[2m   11.63 kB[22m[1m[22m[2m │ gzip:     4.52 kB[22m
[2mdist/[22m[36massets/_baseUniq-CrkLEObu.js                     [39m[1m[2m   11.85 kB[22m[1m[22m[2m │ gzip:     4.64 kB[22m
[2mdist/[22m[36massets/index-JAMUSYQc.js                         [39m[1m[2m   12.70 kB[22m[1m[22m[2m │ gzip:     5.59 kB[22m
[2mdist/[22m[36massets/index-2L5USAB3.js                         [39m[1m[2m   14.79 kB[22m[1m[22m[2m │ gzip:     5.97 kB[22m
[2mdist/[22m[36massets/diagram-PSM6KHXK-Dz97De0b.js              [39m[1m[2m   15.89 kB[22m[1m[22m[2m │ gzip:     5.66 kB[22m
[2mdist/[22m[36massets/index-DtvsMSK8.js                         [39m[1m[2m   16.31 kB[22m[1m[22m[2m │ gzip:     7.44 kB[22m
[2mdist/[22m[36massets/javascript-iXu5QeM3.js                    [39m[1m[2m   17.08 kB[22m[1m[22m[2m │ gzip:     5.75 kB[22m
[2mdist/[22m[36massets/index-DyckbP9N.js                         [39m[1m[2m   19.68 kB[22m[1m[22m[2m │ gzip:     9.29 kB[22m
[2mdist/[22m[36massets/kanban-definition-3W4ZIXB7-DwhYDjeU.js    [39m[1m[2m   20.60 kB[22m[1m[22m[2m │ gzip:     7.25 kB[22m
[2mdist/[22m[36massets/index-Y-5XZsvv.js                         [39m[1m[2m   20.92 kB[22m[1m[22m[2m │ gzip:     9.34 kB[22m
[2mdist/[22m[36massets/mindmap-definition-VGOIOE7T-C3xWH3IS.js   [39m[1m[2m   21.04 kB[22m[1m[22m[2m │ gzip:     7.35 kB[22m
[2mdist/[22m[36massets/sankeyDiagram-TZEHDZUN-C4B8afWR.js        [39m[1m[2m   22.09 kB[22m[1m[22m[2m │ gzip:     8.08 kB[22m
[2mdist/[22m[36massets/clike-B9uivgTg.js                         [39m[1m[2m   22.30 kB[22m[1m[22m[2m │ gzip:     7.86 kB[22m
[2mdist/[22m[36massets/index-iKvT9u3L.js                         [39m[1m[2m   23.06 kB[22m[1m[22m[2m │ gzip:    10.38 kB[22m
[2mdist/[22m[36massets/journeyDiagram-XKPGCS4Q-BL0rtk-9.js       [39m[1m[2m   23.55 kB[22m[1m[22m[2m │ gzip:     8.32 kB[22m
[2mdist/[22m[36massets/timeline-definition-IT6M3QCI-i9Cq-41V.js  [39m[1m[2m   23.72 kB[22m[1m[22m[2m │ gzip:     8.28 kB[22m
[2mdist/[22m[36massets/gitGraphDiagram-V2S2FVAM-Bm92JLrg.js      [39m[1m[2m   24.73 kB[22m[1m[22m[2m │ gzip:     7.61 kB[22m
[2mdist/[22m[36massets/erDiagram-Q2GNP2WA-CSLTKIN_.js            [39m[1m[2m   25.35 kB[22m[1m[22m[2m │ gzip:     8.86 kB[22m
[2mdist/[22m[36massets/index-CeS6OB1J.js                         [39m[1m[2m   25.62 kB[22m[1m[22m[2m │ gzip:     8.57 kB[22m
[2mdist/[22m[36massets/stylus-B533Al4x.js                        [39m[1m[2m   25.80 kB[22m[1m[22m[2m │ gzip:     8.60 kB[22m
[2mdist/[22m[36massets/index-CoEf1Mu0.js                         [39m[1m[2m   25.85 kB[22m[1m[22m[2m │ gzip:    11.61 kB[22m
[2mdist/[22m[36massets/css-BnMrqG3P.js                           [39m[1m[2m   27.13 kB[22m[1m[22m[2m │ gzip:     8.47 kB[22m
[2mdist/[22m[36massets/layout-xCwA3SBj.js                        [39m[1m[2m   27.42 kB[22m[1m[22m[2m │ gzip:     9.74 kB[22m
[2mdist/[22m[36massets/index-DsP9mOYY.js                         [39m[1m[2m   28.69 kB[22m[1m[22m[2m │ gzip:    11.66 kB[22m
[2mdist/[22m[36massets/requirementDiagram-UZGBJVZJ-C2A5B0pv.js   [39m[1m[2m   30.27 kB[22m[1m[22m[2m │ gzip:     9.50 kB[22m
[2mdist/[22m[36massets/index-BhgpzM6J.js                         [39m[1m[2m   30.79 kB[22m[1m[22m[2m │ gzip:    12.64 kB[22m
[2mdist/[22m[36massets/index-Clyiqaz0.js                         [39m[1m[2m   32.32 kB[22m[1m[22m[2m │ gzip:    13.06 kB[22m
[2mdist/[22m[36massets/quadrantDiagram-AYHSOK5B-D_yNdT82.js      [39m[1m[2m   34.23 kB[22m[1m[22m[2m │ gzip:    10.06 kB[22m
[2mdist/[22m[36massets/chunk-DI55MBZ5-Bqh8RZKt.js                [39m[1m[2m   36.80 kB[22m[1m[22m[2m │ gzip:    11.98 kB[22m
[2mdist/[22m[36massets/sql-D0XecflT.js                           [39m[1m[2m   37.05 kB[22m[1m[22m[2m │ gzip:    10.94 kB[22m
[2mdist/[22m[36massets/xychartDiagram-PRI3JC2R-e_Si4X6a.js       [39m[1m[2m   38.83 kB[22m[1m[22m[2m │ gzip:    10.91 kB[22m
[2mdist/[22m[36massets/index-CX55HnFS.js                         [39m[1m[2m   40.73 kB[22m[1m[22m[2m │ gzip:    16.74 kB[22m
[2mdist/[22m[36massets/index-D1rurX4A.js                         [39m[1m[2m   44.16 kB[22m[1m[22m[2m │ gzip:    15.32 kB[22m
[2mdist/[22m[36massets/index-CKmvQPoc.js                         [39m[1m[2m   45.10 kB[22m[1m[22m[2m │ gzip:    19.16 kB[22m
[2mdist/[22m[36massets/chunk-B4BG7PRW-CTAfWC_1.js                [39m[1m[2m   45.44 kB[22m[1m[22m[2m │ gzip:    14.75 kB[22m
[2mdist/[22m[36massets/ganttDiagram-JELNMOA3-oioWaosy.js         [39m[1m[2m   53.35 kB[22m[1m[22m[2m │ gzip:    18.59 kB[22m
[2mdist/[22m[36massets/flowDiagram-NV44I4VS-CCgs4trE.js          [39m[1m[2m   61.12 kB[22m[1m[22m[2m │ gzip:    19.58 kB[22m
[2mdist/[22m[36massets/c4Diagram-YG6GDRKO-CeZmbLAm.js            [39m[1m[2m   70.17 kB[22m[1m[22m[2m │ gzip:    19.70 kB[22m
[2mdist/[22m[36massets/index-CV8WmKQz.js                         [39m[1m[2m   70.81 kB[22m[1m[22m[2m │ gzip:    25.84 kB[22m
[2mdist/[22m[36massets/blockDiagram-VD42YOAC-RySxrq84.js         [39m[1m[2m   73.16 kB[22m[1m[22m[2m │ gzip:    20.83 kB[22m
[2mdist/[22m[36massets/cose-bilkent-S5V4N54A-DlaWc9KX.js         [39m[1m[2m   81.72 kB[22m[1m[22m[2m │ gzip:    22.48 kB[22m
[2mdist/[22m[36massets/index-DLWkw43K.js                         [39m[1m[2m   86.63 kB[22m[1m[22m[2m │ gzip:    34.40 kB[22m
[2mdist/[22m[36massets/index-BzQ-rCfO.js                         [39m[1m[2m   97.86 kB[22m[1m[22m[2m │ gzip:    28.45 kB[22m
[2mdist/[22m[36massets/sequenceDiagram-WL72ISMW-D3j8iUiL.js      [39m[1m[2m   98.14 kB[22m[1m[22m[2m │ gzip:    26.96 kB[22m
[2mdist/[22m[36massets/index--L4qAkT2.js                         [39m[1m[2m  100.55 kB[22m[1m[22m[2m │ gzip:    33.62 kB[22m
[2mdist/[22m[36massets/architectureDiagram-VXUJARFQ-CQbHifn9.js  [39m[1m[2m  148.86 kB[22m[1m[22m[2m │ gzip:    42.15 kB[22m
[2mdist/[22m[36massets/katex-B95LWT_Q.js                         [39m[1m[2m  257.69 kB[22m[1m[22m[2m │ gzip:    76.70 kB[22m
[2mdist/[22m[36massets/cytoscape.esm-jbPEKk2Y.js                 [39m[1m[2m  441.21 kB[22m[1m[22m[2m │ gzip:   141.29 kB[22m
[2mdist/[22m[36massets/treemap-GDKQZRPO-Cr36CVxA.js              [39m[1m[2m  453.20 kB[22m[1m[22m[2m │ gzip:   107.47 kB[22m
[2mdist/[22m[36massets/mermaid.core-DQSJF4jQ.js                  [39m[1m[2m  462.01 kB[22m[1m[22m[2m │ gzip:   128.72 kB[22m
[2mdist/[22m[36massets/index-H5Yg4l7S.js                         [39m[1m[33m6,488.55 kB[39m[22m[2m │ gzip: 1,789.38 kB[22m
[33m
(!) Some chunks are larger than 500 kB after minification. Consider:
- Using dynamic import() to code-split the application
- Use build.rollupOptions.output.manualChunks to improve chunking: https://rollupjs.org/configuration-options/#output-manualchunks
- Adjust chunk size limit for this warning via build.chunkSizeWarningLimit.[39m
[32m✓ built in 30.54s[39m
[1/3] vite exit code: 0 
[2/3] Stopping any server on :3100... 
[3/3] Starting Paperclip server... 
{
  severity_local: 'NOTICE',
  severity: 'NOTICE',
  code: '42P07',
  message: 'relation "skill_usage_events" already exists, skipping',
  file: 'parse_utilcmd.c',
  line: '210',
  routine: 'transformCreateStmt'
}
{
  severity_local: 'NOTICE',
  severity: 'NOTICE',
  code: '42P07',
  message: 'relation "skill_usage_events" already exists, skipping',
  file: 'parse_utilcmd.c',
  line: '210',
  routine: 'transformCreateStmt'
}
{
  severity_local: 'NOTICE',
  severity: 'NOTICE',
  code: '42P07',
  message: 'relation "skill_usage_events" already exists, skipping',
  file: 'parse_utilcmd.c',
  line: '210',
  routine: 'transformCreateStmt'
}
{
  severity_local: 'NOTICE',
  severity: 'NOTICE',
  code: '42P07',
  message: 'relation "skill_usage_events" already exists, skipping',
  file: 'parse_utilcmd.c',
  line: '210',
  routine: 'transformCreateStmt'
}
{
  severity_local: 'NOTICE',
  severity: 'NOTICE',
  code: '42P07',
  message: 'relation "skill_usage_events" already exists, skipping',
  file: 'parse_utilcmd.c',
  line: '210',
  routine: 'transformCreateStmt'
}

[36m██████╗  █████╗ ██████╗ ███████╗██████╗  ██████╗██╗     ██╗██████╗ [0m
[36m██╔══██╗██╔══██╗██╔══██╗██╔════╝██╔══██╗██╔════╝██║     ██║██╔══██╗[0m
[36m██████╔╝███████║██████╔╝█████╗  ██████╔╝██║     ██║     ██║██████╔╝[0m
[36m██╔═══╝ ██╔══██║██╔═══╝ ██╔══╝  ██╔══██╗██║     ██║     ██║██╔═══╝ [0m
[36m██║     ██║  ██║██║     ███████╗██║  ██║╚██████╗███████╗██║██║     [0m
[36m╚═╝     ╚═╝  ╚═╝╚═╝     ╚══════╝╚═╝  ╚═╝ ╚═════╝╚══════╝╚═╝╚═╝     [0m
[34m  ───────────────────────────────────────────────────────[0m
[2mMode            [0m [33mexternal-postgres[0m  |  [35mstatic-ui[0m
[2mDeploy          [0m local_trusted (private)
[2mBind            [0m loopback [2m(127.0.0.1)[0m
[2mAuth            [0m [32mready[0m
[2mServer          [0m 3100
[2mAPI             [0m http://127.0.0.1:3100/api [2m(health: http://127.0.0.1:3100/api/health)[0m
[2mUI              [0m http://127.0.0.1:3100
[2mDatabase        [0m postgres://paperclip:***@127.0.0.1:5432/paperclip
[2mMigrations      [0m already applied
[2mAgent JWT       [0m [32mset[0m
[2mHeartbeat       [0m [33mdisabled[0m
[2mDB Backup       [0m enabled [2m(every 60m, keep 7d)[0m
[2mBackup Dir      [0m C:\Users\Augi-T1\.paperclip\instances\default\data\backups
[2mConfig          [0m C:\Users\Augi-T1\.paperclip\instances\default\config.json
[34m  ───────────────────────────────────────────────────────[0m

{
  severity_local: 'NOTICE',
  severity: 'NOTICE',
  code: '42P07',
  message: 'relation "sue_skill_id_idx" already exists, skipping',
  file: 'index.c',
  line: '892',
  routine: 'index_create'
}
{
  severity_local: 'NOTICE',
  severity: 'NOTICE',
  code: '42P07',
  message: 'relation "sue_skill_id_idx" already exists, skipping',
  file: 'index.c',
  line: '892',
  routine: 'index_create'
}
{
  severity_local: 'NOTICE',
  severity: 'NOTICE',
  code: '42P07',
  message: 'relation "sue_company_idx" already exists, skipping',
  file: 'index.c',
  line: '892',
  routine: 'index_create'
}
{
  severity_local: 'NOTICE',
  severity: 'NOTICE',
  code: '42P07',
  message: 'relation "sue_skill_id_idx" already exists, skipping',
  file: 'index.c',
  line: '892',
  routine: 'index_create'
}
{
  severity_local: 'NOTICE',
  severity: 'NOTICE',
  code: '42P07',
  message: 'relation "sue_company_idx" already exists, skipping',
  file: 'index.c',
  line: '892',
  routine: 'index_create'
}
{
  severity_local: 'NOTICE',
  severity: 'NOTICE',
  code: '42P07',
  message: 'relation "sue_created_at_idx" already exists, skipping',
  file: 'index.c',
  line: '892',
  routine: 'index_create'
}
{
  severity_local: 'NOTICE',
  severity: 'NOTICE',
  code: '42P07',
  message: 'relation "sue_skill_id_idx" already exists, skipping',
  file: 'index.c',
  line: '892',
  routine: 'index_create'
}
{
  severity_local: 'NOTICE',
  severity: 'NOTICE',
  code: '42P07',
  message: 'relation "sue_company_idx" already exists, skipping',
  file: 'index.c',
  line: '892',
  routine: 'index_create'
}
{
  severity_local: 'NOTICE',
  severity: 'NOTICE',
  code: '42P07',
  message: 'relation "sue_created_at_idx" already exists, skipping',
  file: 'index.c',
  line: '892',
  routine: 'index_create'
}
{
  severity_local: 'NOTICE',
  severity: 'NOTICE',
  code: '42P07',
  message: 'relation "sue_company_idx" already exists, skipping',
  file: 'index.c',
  line: '892',
  routine: 'index_create'
}
{
  severity_local: 'NOTICE',
  severity: 'NOTICE',
  code: '42P07',
  message: 'relation "sue_created_at_idx" already exists, skipping',
  file: 'index.c',
  line: '892',
  routine: 'index_create'
}
{
  severity_local: 'NOTICE',
  severity: 'NOTICE',
  code: '42P07',
  message: 'relation "sue_skill_id_idx" already exists, skipping',
  file: 'index.c',
  line: '892',
  routine: 'index_create'
}
{
  severity_local: 'NOTICE',
  severity: 'NOTICE',
  code: '42P07',
  message: 'relation "sue_created_at_idx" already exists, skipping',
  file: 'index.c',
  line: '892',
  routine: 'index_create'
}
{
  severity_local: 'NOTICE',
  severity: 'NOTICE',
  code: '42P07',
  message: 'relation "sue_company_idx" already exists, skipping',
  file: 'index.c',
  line: '892',
  routine: 'index_create'
}
{
  severity_local: 'NOTICE',
  severity: 'NOTICE',
  code: '42P07',
  message: 'relation "sue_created_at_idx" already exists, skipping',
  file: 'index.c',
  line: '892',
  routine: 'index_create'
}
{
  severity_local: 'NOTICE',
  severity: 'NOTICE',
  code: '42P07',
  message: 'relation "skill_usage_events" already exists, skipping',
  file: 'parse_utilcmd.c',
  line: '210',
  routine: 'transformCreateStmt'
}
{
  severity_local: 'NOTICE',
  severity: 'NOTICE',
  code: '42P07',
  message: 'relation "sue_skill_id_idx" already exists, skipping',
  file: 'index.c',
  line: '892',
  routine: 'index_create'
}
{
  severity_local: 'NOTICE',
  severity: 'NOTICE',
  code: '42P07',
  message: 'relation "sue_company_idx" already exists, skipping',
  file: 'index.c',
  line: '892',
  routine: 'index_create'
}
{
  severity_local: 'NOTICE',
  severity: 'NOTICE',
  code: '42P07',
  message: 'relation "sue_created_at_idx" already exists, skipping',
  file: 'index.c',
  line: '892',
  routine: 'index_create'
}
{
  severity_local: 'NOTICE',
  severity: 'NOTICE',
  code: '42P07',
  message: 'relation "skill_usage_events" already exists, skipping',
  file: 'parse_utilcmd.c',
  line: '210',
  routine: 'transformCreateStmt'
}
{
  severity_local: 'NOTICE',
  severity: 'NOTICE',
  code: '42P07',
  message: 'relation "sue_skill_id_idx" already exists, skipping',
  file: 'index.c',
  line: '892',
  routine: 'index_create'
}
{
  severity_local: 'NOTICE',
  severity: 'NOTICE',
  code: '42P07',
  message: 'relation "sue_company_idx" already exists, skipping',
  file: 'index.c',
  line: '892',
  routine: 'index_create'
}
{
  severity_local: 'NOTICE',
  severity: 'NOTICE',
  code: '42P07',
  message: 'relation "sue_created_at_idx" already exists, skipping',
  file: 'index.c',
  line: '892',
  routine: 'index_create'
}
{
  severity_local: 'NOTICE',
  severity: 'NOTICE',
  code: '42P07',
  message: 'relation "skill_usage_events" already exists, skipping',
  file: 'parse_utilcmd.c',
  line: '210',
  routine: 'transformCreateStmt'
}
{
  severity_local: 'NOTICE',
  severity: 'NOTICE',
  code: '42P07',
  message: 'relation "sue_skill_id_idx" already exists, skipping',
  file: 'index.c',
  line: '892',
  routine: 'index_create'
}
{
  severity_local: 'NOTICE',
  severity: 'NOTICE',
  code: '42P07',
  message: 'relation "sue_company_idx" already exists, skipping',
  file: 'index.c',
  line: '892',
  routine: 'index_create'
}
{
  severity_local: 'NOTICE',
  severity: 'NOTICE',
  code: '42P07',
  message: 'relation "sue_created_at_idx" already exists, skipping',
  file: 'index.c',
  line: '892',
  routine: 'index_create'
}
{
  severity_local: 'NOTICE',
  severity: 'NOTICE',
  code: '42P07',
  message: 'relation "skill_usage_events" already exists, skipping',
  file: 'parse_utilcmd.c',
  line: '210',
  routine: 'transformCreateStmt'
}
{
  severity_local: 'NOTICE',
  severity: 'NOTICE',
  code: '42P07',
  message: 'relation "sue_skill_id_idx" already exists, skipping',
  file: 'index.c',
  line: '892',
  routine: 'index_create'
}
{
  severity_local: 'NOTICE',
  severity: 'NOTICE',
  code: '42P07',
  message: 'relation "sue_company_idx" already exists, skipping',
  file: 'index.c',
  line: '892',
  routine: 'index_create'
}
{
  severity_local: 'NOTICE',
  severity: 'NOTICE',
  code: '42P07',
  message: 'relation "sue_created_at_idx" already exists, skipping',
  file: 'index.c',
  line: '892',
  routine: 'index_create'
}
{
  severity_local: 'NOTICE',
  severity: 'NOTICE',
  code: '42P07',
  message: 'relation "skill_usage_events" already exists, skipping',
  file: 'parse_utilcmd.c',
  line: '210',
  routine: 'transformCreateStmt'
}
{
  severity_local: 'NOTICE',
  severity: 'NOTICE',
  code: '42P07',
  message: 'relation "sue_skill_id_idx" already exists, skipping',
  file: 'index.c',
  line: '892',
  routine: 'index_create'
}
{
  severity_local: 'NOTICE',
  severity: 'NOTICE',
  code: '42P07',
  message: 'relation "sue_company_idx" already exists, skipping',
  file: 'index.c',
  line: '892',
  routine: 'index_create'
}
{
  severity_local: 'NOTICE',
  severity: 'NOTICE',
  code: '42P07',
  message: 'relation "sue_created_at_idx" already exists, skipping',
  file: 'index.c',
  line: '892',
  routine: 'index_create'
}
{
  severity_local: 'NOTICE',
  severity: 'NOTICE',
  code: '42P07',
  message: 'relation "skill_usage_events" already exists, skipping',
  file: 'parse_utilcmd.c',
  line: '210',
  routine: 'transformCreateStmt'
}
{
  severity_local: 'NOTICE',
  severity: 'NOTICE',
  code: '42P07',
  message: 'relation "sue_skill_id_idx" already exists, skipping',
  file: 'index.c',
  line: '892',
  routine: 'index_create'
}
{
  severity_local: 'NOTICE',
  severity: 'NOTICE',
  code: '42P07',
  message: 'relation "sue_company_idx" already exists, skipping',
  file: 'index.c',
  line: '892',
  routine: 'index_create'
}
{
  severity_local: 'NOTICE',
  severity: 'NOTICE',
  code: '42P07',
  message: 'relation "sue_created_at_idx" already exists, skipping',
  file: 'index.c',
  line: '892',
  routine: 'index_create'
}
{
  severity_local: 'NOTICE',
  severity: 'NOTICE',
  code: '42P07',
  message: 'relation "skill_usage_events" already exists, skipping',
  file: 'parse_utilcmd.c',
  line: '210',
  routine: 'transformCreateStmt'
}
{
  severity_local: 'NOTICE',
  severity: 'NOTICE',
  code: '42P07',
  message: 'relation "sue_skill_id_idx" already exists, skipping',
  file: 'index.c',
  line: '892',
  routine: 'index_create'
}
{
  severity_local: 'NOTICE',
  severity: 'NOTICE',
  code: '42P07',
  message: 'relation "sue_company_idx" already exists, skipping',
  file: 'index.c',
  line: '892',
  routine: 'index_create'
}
{
  severity_local: 'NOTICE',
  severity: 'NOTICE',
  code: '42P07',
  message: 'relation "sue_created_at_idx" already exists, skipping',
  file: 'index.c',
  line: '892',
  routine: 'index_create'
}
{
  severity_local: 'NOTICE',
  severity: 'NOTICE',
  code: '42P07',
  message: 'relation "skill_usage_events" already exists, skipping',
  file: 'parse_utilcmd.c',
  line: '210',
  routine: 'transformCreateStmt'
}
{
  severity_local: 'NOTICE',
  severity: 'NOTICE',
  code: '42P07',
  message: 'relation "sue_skill_id_idx" already exists, skipping',
  file: 'index.c',
  line: '892',
  routine: 'index_create'
}
{
  severity_local: 'NOTICE',
  severity: 'NOTICE',
  code: '42P07',
  message: 'relation "sue_company_idx" already exists, skipping',
  file: 'index.c',
  line: '892',
  routine: 'index_create'
}
{
  severity_local: 'NOTICE',
  severity: 'NOTICE',
  code: '42P07',
  message: 'relation "sue_created_at_idx" already exists, skipping',
  file: 'index.c',
  line: '892',
  routine: 'index_create'
}
{
  severity_local: 'NOTICE',
  severity: 'NOTICE',
  code: '42P07',
  message: 'relation "skill_usage_events" already exists, skipping',
  file: 'parse_utilcmd.c',
  line: '210',
  routine: 'transformCreateStmt'
}
{
  severity_local: 'NOTICE',
  severity: 'NOTICE',
  code: '42P07',
  message: 'relation "sue_skill_id_idx" already exists, skipping',
  file: 'index.c',
  line: '892',
  routine: 'index_create'
}
{
  severity_local: 'NOTICE',
  severity: 'NOTICE',
  code: '42P07',
  message: 'relation "sue_company_idx" already exists, skipping',
  file: 'index.c',
  line: '892',
  routine: 'index_create'
}
{
  severity_local: 'NOTICE',
  severity: 'NOTICE',
  code: '42P07',
  message: 'relation "sue_created_at_idx" already exists, skipping',
  file: 'index.c',
  line: '892',
  routine: 'index_create'
}
[14:10:03] [32mINFO[39m: [36mUsing external PostgreSQL via DATABASE_URL/config[39m
[14:10:03] [32mINFO[39m: [36msocial scheduler starting[39m [90m{"worker":"social-scheduler","tickIntervalMs":30000,"batchSize":10}[39m
[14:10:03] [32mINFO[39m: [36msocial DM poller starting[39m [90m{"worker":"social-dm-poller","tickIntervalMs":60000,"maxResults":50}[39m
[14:10:03] [32mINFO[39m: [36mplugin job coordinator started — listening to lifecycle events[39m [90m{"service":"plugin-job-coordinator"}[39m
[14:10:03] [32mINFO[39m: [36mplugin job scheduler started[39m [90m{"service":"plugin-job-scheduler","tickIntervalMs":30000,"maxConcurrentJobs":10}[39m
[14:10:03] [32mINFO[39m: [36minitializing plugin tool dispatcher[39m [90m{"service":"plugin-tool-dispatcher"}[39m
[14:10:03] [32mINFO[39m: [36mplugin-dev-watcher: initialized[39m [90m{"service":"plugin-dev-watcher","resolvesInstalledPlugins":true}[39m
[14:10:03] [32mINFO[39m: [36mplugin-loader: loading all ready plugins[39m [90m{"service":"plugin-loader"}[39m
[14:10:03] [32mINFO[39m: [36mAutomatic database backups enabled[39m [90m{"intervalMinutes":60,"retentionSource":"instance-settings-db","backupDir":"C:\Users\Augi-T1\.paperclip\instances\default\data\backups"}[39m
[14:10:03] [32mINFO[39m: [36mServer listening on 127.0.0.1:3100[39m
[14:10:03] [32mINFO[39m: [36mloaded tools from ready plugins[39m [90m{"service":"plugin-tool-dispatcher","readyPlugins":0,"registeredTools":0}[39m
[14:10:03] [32mINFO[39m: [36mplugin tool dispatcher initialized[39m [90m{"service":"plugin-tool-dispatcher","totalTools":0}[39m
[14:10:03] [32mINFO[39m: [36mplugin-loader: no ready plugins to load[39m [90m{"service":"plugin-loader"}[39m
[14:30:54] [33mWARN[39m: [36mGET /issues?limit=5 400[39m [90m{"reqQuery":{"limit":"5"},"routePath":"/issues"}[39m
[14:31:04] [32mINFO[39m: [36mGET /companies/414c172d-7013-4728-b781-aad604d8e2d7/issues?limit=20&status=in_progress 200[39m
[14:31:16] [32mINFO[39m: [36mGET /companies/414c172d-7013-4728-b781-aad604d8e2d7/issues?limit=50 200[39m
[14:31:41] [32mINFO[39m: [36mGET /companies/414c172d-7013-4728-b781-aad604d8e2d7/issues?limit=100 200[39m
[14:31:50] [33mWARN[39m: [36mGET /companies/414c172d-7013-4728-b781-aad604d8e2d7/issues/TYL-244 404[39m
[14:31:56] [32mINFO[39m: [36mGET /companies/414c172d-7013-4728-b781-aad604d8e2d7/issues?identifier=TYL-244 200[39m
[14:33:05] [32mINFO[39m: [36mGET /index-Cxgfz-Ff.css 200[39m
[14:33:06] [32mINFO[39m: [36mGET /companies/414c172d-7013-4728-b781-aad604d8e2d7/issues?limit=100 200[39m
[14:33:07] [32mINFO[39m: [36mGET /index-H5Yg4l7S.js 200[39m
[14:33:08] [32mINFO[39m: [36mGET /adapters 200[39m
[14:33:08] [32mINFO[39m: [36mGET /get-session 200[39m
[14:33:08] [32mINFO[39m: [36mGET /companies/414c172d-7013-4728-b781-aad604d8e2d7/routines 200[39m
[14:33:09] [32mINFO[39m: [36mGET /companies/414c172d-7013-4728-b781-aad604d8e2d7/approvals 200[39m
[14:33:09] [32mINFO[39m: [36mGET /companies/414c172d-7013-4728-b781-aad604d8e2d7/live-runs 200[39m
[14:33:09] [32mINFO[39m: [36mGET /plugins/ui-contributions 200[39m
[14:33:09] [32mINFO[39m: [36mGET /companies/414c172d-7013-4728-b781-aad604d8e2d7/sidebar-preferences/me 200[39m
[14:33:09] [32mINFO[39m: [36mGET /companies/414c172d-7013-4728-b781-aad604d8e2d7/inbox-dismissals 200[39m
[14:33:09] [32mINFO[39m: [36mGET /companies/414c172d-7013-4728-b781-aad604d8e2d7/join-requests?status=pending_approval 200[39m
[14:33:09] [32mINFO[39m: [36mGET /companies/414c172d-7013-4728-b781-aad604d8e2d7/agents 200[39m
[14:33:09] [32mINFO[39m: [36mGET /companies/414c172d-7013-4728-b781-aad604d8e2d7/activity?limit=10 200[39m
[14:33:09] [32mINFO[39m: [36mGET /instance/settings/experimental 200[39m
[14:33:09] [32mINFO[39m: [36mGET /companies/414c172d-7013-4728-b781-aad604d8e2d7/projects 200[39m
[14:33:09] [32mINFO[39m: [36mGET /instance/settings/general 200[39m
[14:33:09] [32mINFO[39m: [36mGET /companies/414c172d-7013-4728-b781-aad604d8e2d7/social/dms/unread-count 200[39m
[14:33:09] [32mINFO[39m: [36mGET /companies/414c172d-7013-4728-b781-aad604d8e2d7/user-directory 200[39m
[BUILD-GATE] Skipping prune of paperclip_bundled skill: key=paperclipai/paperclip/diagnose-why-work-stopped id=e6b0c2aa-cbde-4e72-8271-4817afb80870
[BUILD-GATE] Skipping prune of paperclip_bundled skill: key=paperclipai/paperclip/paperclip id=71042134-bc99-4d93-a537-d99c7e0e8d82
[BUILD-GATE] Skipping prune of paperclip_bundled skill: key=paperclipai/paperclip/paperclip-converting-plans-to-tasks id=59af32d4-6bf8-4c77-8059-c381157679f7
[BUILD-GATE] Skipping prune of paperclip_bundled skill: key=paperclipai/paperclip/paperclip-create-agent id=508d825e-bef1-445c-b274-8c163cb4ce7c
[BUILD-GATE] Skipping prune of paperclip_bundled skill: key=paperclipai/paperclip/paperclip-create-plugin id=a88eb590-e024-47b9-b0ee-b9bc1aa36bdf
[BUILD-GATE] Skipping prune of paperclip_bundled skill: key=paperclipai/paperclip/paperclip-dev id=8d55fd58-4a4b-4994-b539-72d911594e74
[BUILD-GATE] Skipping prune of paperclip_bundled skill: key=paperclipai/paperclip/para-memory-files id=af1894a7-7e2e-4aea-abef-5de39c714a31
[BUILD-GATE] Skipping prune of paperclip_bundled skill: key=paperclipai/paperclip/terminal-bench-loop id=26ec0241-abdc-408f-b8a6-a9d5bbbddf4e
[14:33:13] [32mINFO[39m: [36mGET /companies/414c172d-7013-4728-b781-aad604d8e2d7/heartbeat-runs?limit=200 200[39m
[14:33:13] [32mINFO[39m: [36mGET /companies/414c172d-7013-4728-b781-aad604d8e2d7/skills 200[39m
[14:33:13] [32mINFO[39m: [36mGET /companies/414c172d-7013-4728-b781-aad604d8e2d7/activity?limit=8 200[39m
[14:33:13] [32mINFO[39m: [36mGET /companies/414c172d-7013-4728-b781-aad604d8e2d7/goals 200[39m
[14:33:13] [32mINFO[39m: [36mGET /companies/414c172d-7013-4728-b781-aad604d8e2d7/approvals?status=pending 200[39m
[14:33:13] [32mINFO[39m: [36mGET /companies/414c172d-7013-4728-b781-aad604d8e2d7/dashboard 200[39m
[14:33:13] [32mINFO[39m: [36mGET /companies/414c172d-7013-4728-b781-aad604d8e2d7/jarvis/conversations?limit=1 200[39m
[14:33:13] [32mINFO[39m: [36mGET /companies/414c172d-7013-4728-b781-aad604d8e2d7/costs/summary 200[39m
[14:33:13] [32mINFO[39m: [36mGET /companies/414c172d-7013-4728-b781-aad604d8e2d7/issues?status=backlog%2Ctodo%2Cin_progress%2Cin_review%2Cblocked%2Cdone&touchedByUserId=me&inboxArchivedByUserId=me&limit=500 200[39m
[14:33:13] [32mINFO[39m: [36mGET /companies/414c172d-7013-4728-b781-aad604d8e2d7/issues 200[39m
[14:33:14] [32mINFO[39m: [36mGET /companies/414c172d-7013-4728-b781-aad604d8e2d7/issues?limit=100 200[39m
[14:33:22] [32mINFO[39m: [36mGET /companies/414c172d-7013-4728-b781-aad604d8e2d7/issues?identifier=TYL-244 200[39m
[14:33:32] [32mINFO[39m: [36mGET /companies/414c172d-7013-4728-b781-aad604d8e2d7/issues?limit=100 200[39m
[14:33:33] [32mINFO[39m: [36mGET /companies/414c172d-7013-4728-b781-aad604d8e2d7/image-studio/training 200[39m
[14:33:33] [32mINFO[39m: [36mGET /companies/414c172d-7013-4728-b781-aad604d8e2d7/image-studio/providers 200[39m
[14:33:33] [32mINFO[39m: [36mGET /image-studio/personas/2a77830d-49a4-429e-a11e-8024fed05d71/generations?limit=120 200[39m
[14:33:33] [31mERROR[39m: [36mGET /api/uploads/personas/sidney-sfw/generated/ad4d6e69-3902-40c0-bf19-cee2e553adc6/2_thumb.webp 500 — ENOENT: no such file or directory, stat 'C:\Users\Augi-T1\.paperclip\instances\default\data\uploads\personas\sidney-sfw\generated\ad4d6e69-3902-40c0-bf19-cee2e553adc6\2_thumb.webp'[39m [90m{"errorContext":{"message":"ENOENT: no such file or directory, stat 'C:\Users\Augi-T1\.paperclip\instances\default\data\uploads\personas\sidney-sfw\generated\ad4d6e69-3902-40c0-bf19-cee2e553adc6\2_thumb.webp'","stack":"Error: ENOENT: no such file or directory, stat 'C:\Users\Augi-T1\.paperclip\instances\default\data\uploads\personas\sidney-sfw\generated\ad4d6e69-3902-40c0-bf19-cee2e553adc6\2_thumb.webp'","name":"Error"},"reqParams":{},"reqQuery":{}}[39m
    err: {
      "type": "Error",
      "message": "ENOENT: no such file or directory, stat 'C:\\Users\\Augi-T1\\.paperclip\\instances\\default\\data\\uploads\\personas\\sidney-sfw\\generated\\ad4d6e69-3902-40c0-bf19-cee2e553adc6\\2_thumb.webp'",
      "stack":
          Error: ENOENT: no such file or directory, stat 'C:\Users\Augi-T1\.paperclip\instances\default\data\uploads\personas\sidney-sfw\generated\ad4d6e69-3902-40c0-bf19-cee2e553adc6\2_thumb.webp'
      "errno": -4058,
      "code": "ENOENT",
      "syscall": "stat",
      "path": "C:\\Users\\Augi-T1\\.paperclip\\instances\\default\\data\\uploads\\personas\\sidney-sfw\\generated\\ad4d6e69-3902-40c0-bf19-cee2e553adc6\\2_thumb.webp",
      "expose": false,
      "statusCode": 404,
      "status": 404
    }
[14:33:33] [31mERROR[39m: [36mGET /api/uploads/personas/sidney-sfw/generated/ad4d6e69-3902-40c0-bf19-cee2e553adc6/1_thumb.webp 500 — ENOENT: no such file or directory, stat 'C:\Users\Augi-T1\.paperclip\instances\default\data\uploads\personas\sidney-sfw\generated\ad4d6e69-3902-40c0-bf19-cee2e553adc6\1_thumb.webp'[39m [90m{"errorContext":{"message":"ENOENT: no such file or directory, stat 'C:\Users\Augi-T1\.paperclip\instances\default\data\uploads\personas\sidney-sfw\generated\ad4d6e69-3902-40c0-bf19-cee2e553adc6\1_thumb.webp'","stack":"Error: ENOENT: no such file or directory, stat 'C:\Users\Augi-T1\.paperclip\instances\default\data\uploads\personas\sidney-sfw\generated\ad4d6e69-3902-40c0-bf19-cee2e553adc6\1_thumb.webp'","name":"Error"},"reqParams":{},"reqQuery":{}}[39m
    err: {
      "type": "Error",
      "message": "ENOENT: no such file or directory, stat 'C:\\Users\\Augi-T1\\.paperclip\\instances\\default\\data\\uploads\\personas\\sidney-sfw\\generated\\ad4d6e69-3902-40c0-bf19-cee2e553adc6\\1_thumb.webp'",
      "stack":
          Error: ENOENT: no such file or directory, stat 'C:\Users\Augi-T1\.paperclip\instances\default\data\uploads\personas\sidney-sfw\generated\ad4d6e69-3902-40c0-bf19-cee2e553adc6\1_thumb.webp'
      "errno": -4058,
      "code": "ENOENT",
      "syscall": "stat",
      "path": "C:\\Users\\Augi-T1\\.paperclip\\instances\\default\\data\\uploads\\personas\\sidney-sfw\\generated\\ad4d6e69-3902-40c0-bf19-cee2e553adc6\\1_thumb.webp",
      "expose": false,
      "statusCode": 404,
      "status": 404
    }
[14:33:34] [32mINFO[39m: [36mGET /companies/414c172d-7013-4728-b781-aad604d8e2d7/book-studio/books 200[39m
[14:33:35] [32mINFO[39m: [36mGET /review-notes 200[39m
[14:33:40] [32mINFO[39m: [36mGET /companies/414c172d-7013-4728-b781-aad604d8e2d7/issues?limit=100 200[39m
[14:33:57] [32mINFO[39m: [36mPOST /companies/414c172d-7013-4728-b781-aad604d8e2d7/book-studio/books/b7c9c1f8-11aa-4a30-8fe1-4f23e49abf3e/check-consistency 200[39m
[14:34:05] [32mINFO[39m: [36mPOST /suggest-next 200[39m
[14:34:54] [32mINFO[39m: [36mPOST /companies/414c172d-7013-4728-b781-aad604d8e2d7/issues 201[39m
[14:34:54] [32mINFO[39m: [36mGET /companies/414c172d-7013-4728-b781-aad604d8e2d7/dashboard 200[39m
[14:34:54] [32mINFO[39m: [36mGET /companies/414c172d-7013-4728-b781-aad604d8e2d7/issues?status=backlog%2Ctodo%2Cin_progress%2Cin_review%2Cblocked%2Cdone&touchedByUserId=me&inboxArchivedByUserId=me&limit=500 200[39m
[14:35:18] [32mINFO[39m: [36mPOST /companies/414c172d-7013-4728-b781-aad604d8e2d7/issues 201[39m
[14:35:18] [32mINFO[39m: [36mGET /companies/414c172d-7013-4728-b781-aad604d8e2d7/dashboard 200[39m
[14:35:19] [32mINFO[39m: [36mGET /companies/414c172d-7013-4728-b781-aad604d8e2d7/issues?status=backlog%2Ctodo%2Cin_progress%2Cin_review%2Cblocked%2Cdone&touchedByUserId=me&inboxArchivedByUserId=me&limit=500 200[39m
[14:35:21] [32mINFO[39m: [36mPOST /companies/414c172d-7013-4728-b781-aad604d8e2d7/issues 201[39m
[14:35:21] [32mINFO[39m: [36mGET /companies/414c172d-7013-4728-b781-aad604d8e2d7/dashboard 200[39m
[14:35:21] [32mINFO[39m: [36mGET /companies/414c172d-7013-4728-b781-aad604d8e2d7/issues?status=backlog%2Ctodo%2Cin_progress%2Cin_review%2Cblocked%2Cdone&touchedByUserId=me&inboxArchivedByUserId=me&limit=500 200[39m
[14:35:24] [32mINFO[39m: [36mPOST /companies/414c172d-7013-4728-b781-aad604d8e2d7/issues 201[39m
[14:35:24] [32mINFO[39m: [36mGET /companies/414c172d-7013-4728-b781-aad604d8e2d7/dashboard 200[39m
[14:35:24] [32mINFO[39m: [36mGET /companies/414c172d-7013-4728-b781-aad604d8e2d7/issues?status=backlog%2Ctodo%2Cin_progress%2Cin_review%2Cblocked%2Cdone&touchedByUserId=me&inboxArchivedByUserId=me&limit=500 200[39m
[14:35:38] [32mINFO[39m: [36mPOST /companies/414c172d-7013-4728-b781-aad604d8e2d7/issues 201[39m
[14:35:38] [32mINFO[39m: [36mGET /companies/414c172d-7013-4728-b781-aad604d8e2d7/dashboard 200[39m
[14:35:38] [32mINFO[39m: [36mGET /companies/414c172d-7013-4728-b781-aad604d8e2d7/issues?status=backlog%2Ctodo%2Cin_progress%2Cin_review%2Cblocked%2Cdone&touchedByUserId=me&inboxArchivedByUserId=me&limit=500 200[39m
[14:35:40] [32mINFO[39m: [36mPOST /companies/414c172d-7013-4728-b781-aad604d8e2d7/issues 201[39m
[14:35:40] [32mINFO[39m: [36mGET /companies/414c172d-7013-4728-b781-aad604d8e2d7/dashboard 200[39m
[14:35:40] [32mINFO[39m: [36mGET /companies/414c172d-7013-4728-b781-aad604d8e2d7/issues?status=backlog%2Ctodo%2Cin_progress%2Cin_review%2Cblocked%2Cdone&touchedByUserId=me&inboxArchivedByUserId=me&limit=500 200[39m
